2025-08-19T13:31:22.077+09:00  INFO 21668 --- [MySpringBoot3Project] [restartedMain] c.r.m.MySpringBoot3ProjectApplication    : Starting MySpringBoot3ProjectApplication using Java 17.0.2 with PID 21668 (C:\MyBackend\SpringBoot\MySpringBoot3Project\target\classes started by user in C:\MyBackend\SpringBoot\MySpringBoot3Project)
2025-08-19T13:31:22.083+09:00  INFO 21668 --- [MySpringBoot3Project] [restartedMain] c.r.m.MySpringBoot3ProjectApplication    : The following 1 profile is active: "prod"
2025-08-19T13:31:22.140+09:00  INFO 21668 --- [MySpringBoot3Project] [restartedMain] .e.DevToolsPropertyDefaultsPostProcessor : Devtools property defaults active! Set 'spring.devtools.add-properties' to 'false' to disable
2025-08-19T13:31:22.140+09:00  INFO 21668 --- [MySpringBoot3Project] [restartedMain] .e.DevToolsPropertyDefaultsPostProcessor : For additional web related logging consider setting the 'logging.level.web' property to 'DEBUG'
2025-08-19T13:31:23.275+09:00  INFO 21668 --- [MySpringBoot3Project] [restartedMain] .s.d.r.c.RepositoryConfigurationDelegate : Bootstrapping Spring Data JPA repositories in DEFAULT mode.
2025-08-19T13:31:23.329+09:00  INFO 21668 --- [MySpringBoot3Project] [restartedMain] .s.d.r.c.RepositoryConfigurationDelegate : Finished Spring Data repository scanning in 44 ms. Found 2 JPA repository interfaces.
2025-08-19T13:31:24.062+09:00  INFO 21668 --- [MySpringBoot3Project] [restartedMain] o.s.b.w.e.t.TomcatWebServer              : Tomcat initialized with port 8080 (http)
2025-08-19T13:31:24.082+09:00  INFO 21668 --- [MySpringBoot3Project] [restartedMain] o.a.c.c.StandardService                  : Starting service [Tomcat]
2025-08-19T13:31:24.084+09:00  INFO 21668 --- [MySpringBoot3Project] [restartedMain] o.a.c.c.StandardEngine                   : Starting Servlet engine: [Apache Tomcat/10.1.43]
2025-08-19T13:31:24.144+09:00  INFO 21668 --- [MySpringBoot3Project] [restartedMain] o.a.c.c.C.[.[.[/]                        : Initializing Spring embedded WebApplicationContext
2025-08-19T13:31:24.145+09:00  INFO 21668 --- [MySpringBoot3Project] [restartedMain] w.s.c.ServletWebServerApplicationContext : Root WebApplicationContext: initialization completed in 2004 ms
2025-08-19T13:31:24.479+09:00  INFO 21668 --- [MySpringBoot3Project] [restartedMain] o.h.j.i.u.LogHelper                      : HHH000204: Processing PersistenceUnitInfo [name: default]
2025-08-19T13:31:24.547+09:00  INFO 21668 --- [MySpringBoot3Project] [restartedMain] o.h.Version                              : HHH000412: Hibernate ORM core version 6.6.22.Final
2025-08-19T13:31:24.590+09:00  INFO 21668 --- [MySpringBoot3Project] [restartedMain] o.h.c.i.RegionFactoryInitiator           : HHH000026: Second-level cache disabled
2025-08-19T13:31:24.892+09:00  INFO 21668 --- [MySpringBoot3Project] [restartedMain] o.s.o.j.p.SpringPersistenceUnitInfo      : No LoadTimeWeaver setup: ignoring JPA class transformer
2025-08-19T13:31:24.924+09:00  INFO 21668 --- [MySpringBoot3Project] [restartedMain] c.z.h.HikariDataSource                   : HikariPool-1 - Starting...
2025-08-19T13:31:25.013+09:00  INFO 21668 --- [MySpringBoot3Project] [restartedMain] c.z.h.p.HikariPool                       : HikariPool-1 - Added connection org.mariadb.jdbc.Connection@1428fdf1
2025-08-19T13:31:25.015+09:00  INFO 21668 --- [MySpringBoot3Project] [restartedMain] c.z.h.HikariDataSource                   : HikariPool-1 - Start completed.
2025-08-19T13:31:25.033+09:00  WARN 21668 --- [MySpringBoot3Project] [restartedMain] o.h.o.deprecation                        : HHH90000025: MariaDBDialect does not need to be specified explicitly using 'hibernate.dialect' (remove the property setting and it will be selected by default)
2025-08-19T13:31:25.049+09:00  INFO 21668 --- [MySpringBoot3Project] [restartedMain] o.h.o.c.pooling                          : HHH10001005: Database info:
	Database JDBC URL [Connecting through datasource 'HikariDataSource (HikariPool-1)']
	Database driver: undefined/unknown
	Database version: 10.11.5
	Autocommit mode: undefined/unknown
	Isolation level: undefined/unknown
	Minimum pool size: undefined/unknown
	Maximum pool size: undefined/unknown
2025-08-19T13:31:25.742+09:00  INFO 21668 --- [MySpringBoot3Project] [restartedMain] o.h.e.t.j.p.i.JtaPlatformInitiator       : HHH000489: No JTA platform available (set 'hibernate.transaction.jta.platform' to enable JTA platform integration)
2025-08-19T13:31:25.802+09:00  INFO 21668 --- [MySpringBoot3Project] [restartedMain] j.LocalContainerEntityManagerFactoryBean : Initialized JPA EntityManagerFactory for persistence unit 'default'
2025-08-19T13:31:26.197+09:00  WARN 21668 --- [MySpringBoot3Project] [restartedMain] JpaBaseConfiguration$JpaWebConfiguration : spring.jpa.open-in-view is enabled by default. Therefore, database queries may be performed during view rendering. Explicitly configure spring.jpa.open-in-view to disable this warning
2025-08-19T13:31:26.226+09:00  INFO 21668 --- [MySpringBoot3Project] [restartedMain] o.s.b.a.w.s.WelcomePageHandlerMapping    : Adding welcome page: class path resource [static/index.html]
2025-08-19T13:31:26.999+09:00  WARN 21668 --- [MySpringBoot3Project] [restartedMain] .s.s.UserDetailsServiceAutoConfiguration : 

Using generated security password: 0e7b3479-9e3e-4508-97c4-5566881844e5

This generated password is for development use only. Your security configuration must be updated before running your application in production.

2025-08-19T13:31:27.019+09:00  INFO 21668 --- [MySpringBoot3Project] [restartedMain] r$InitializeUserDetailsManagerConfigurer : Global AuthenticationManager configured with UserDetailsService bean with name inMemoryUserDetailsManager
2025-08-19T13:31:27.135+09:00  INFO 21668 --- [MySpringBoot3Project] [restartedMain] o.s.b.a.e.w.EndpointLinksResolver        : Exposing 15 endpoints beneath base path '/actuator'
2025-08-19T13:31:27.182+09:00  INFO 21668 --- [MySpringBoot3Project] [restartedMain] o.s.b.a.h.H2ConsoleAutoConfiguration     : H2 console available at '/h2-console'. Database available at 'jdbc:mariadb://127.0.0.1/boot_db?user=boot&password=***'
2025-08-19T13:31:27.259+09:00  INFO 21668 --- [MySpringBoot3Project] [restartedMain] o.s.b.d.a.OptionalLiveReloadServer       : LiveReload server is running on port 35729
2025-08-19T13:31:27.346+09:00  INFO 21668 --- [MySpringBoot3Project] [restartedMain] o.s.b.w.e.t.TomcatWebServer              : Tomcat started on port 8080 (http) with context path '/'
2025-08-19T13:31:27.367+09:00  INFO 21668 --- [MySpringBoot3Project] [restartedMain] c.r.m.MySpringBoot3ProjectApplication    : Started MySpringBoot3ProjectApplication in 5.743 seconds (process running for 6.467)
2025-08-19T13:31:27.375+09:00  INFO 21668 --- [MySpringBoot3Project] [restartedMain] c.r.m.r.DatabaseRunner                   : DataSource 구현객체는 com.zaxxer.hikari.HikariDataSource 
2025-08-19T13:31:27.375+09:00  INFO 21668 --- [MySpringBoot3Project] [restartedMain] c.r.m.r.DatabaseRunner                   : DB Product Name = MariaDB
2025-08-19T13:31:27.376+09:00  INFO 21668 --- [MySpringBoot3Project] [restartedMain] c.r.m.r.DatabaseRunner                   : DB URL = jdbc:mariadb://127.0.0.1/boot_db?user=boot&password=***
2025-08-19T13:31:27.376+09:00  INFO 21668 --- [MySpringBoot3Project] [restartedMain] c.r.m.r.DatabaseRunner                   : DB Username = boot
2025-08-19T13:31:27.376+09:00  INFO 21668 --- [MySpringBoot3Project] [restartedMain] c.r.m.r.MyPropsRunner                    : 현재 활성화된 CustomerVO Bean = CustomVO(mode=운영모드, rate=1.5)
2025-08-19T13:31:27.377+09:00  INFO 21668 --- [MySpringBoot3Project] [restartedMain] c.r.m.r.MyPropsRunner                    : MyBootProperties.getName() = Spring PROD
2025-08-19T13:31:27.377+09:00  INFO 21668 --- [MySpringBoot3Project] [restartedMain] c.r.m.r.MyPropsRunner                    : MyBootProperties.getAge() = 89
2025-08-19T13:31:27.377+09:00  INFO 21668 --- [MySpringBoot3Project] [restartedMain] c.r.m.r.MyPropsRunner                    : MyBootProperties.getFullName() = Spring PROD Boot
2025-08-19T13:31:27.377+09:00  INFO 21668 --- [MySpringBoot3Project] [restartedMain] c.r.m.r.MyPropsRunner                    : Properties myboot.name = Spring PROD
2025-08-19T13:31:27.377+09:00  INFO 21668 --- [MySpringBoot3Project] [restartedMain] c.r.m.r.MyPropsRunner                    : Properties myboot.age = 32
2025-08-19T13:31:27.377+09:00  INFO 21668 --- [MySpringBoot3Project] [restartedMain] c.r.m.r.MyPropsRunner                    : Properties myboot.fullName = Spring PROD Boot
2025-08-19T13:31:27.555+09:00  INFO 21668 --- [MySpringBoot3Project] [registrationTask1] d.c.b.a.c.r.ApplicationRegistrator       : Application registered itself as e06fff62a791
2025-08-19T13:31:27.571+09:00  INFO 21668 --- [MySpringBoot3Project] [http-nio-8080-exec-1] o.a.c.c.C.[.[.[/]                        : Initializing Spring DispatcherServlet 'dispatcherServlet'
2025-08-19T13:31:27.571+09:00  INFO 21668 --- [MySpringBoot3Project] [http-nio-8080-exec-1] o.s.w.s.DispatcherServlet                : Initializing Servlet 'dispatcherServlet'
2025-08-19T13:31:27.572+09:00  INFO 21668 --- [MySpringBoot3Project] [http-nio-8080-exec-1] o.s.w.s.DispatcherServlet                : Completed initialization in 1 ms
